<?xml version="1.0" encoding="UTF-8"?>
<!-- Generated by org.testng.reporters.JUnitXMLReporter -->
<testsuite ignored="0" hostname="Bloomlync-Qa" failures="0" tests="3" name="Default test" time="0.066" errors="0" timestamp="2024-05-14T22:52:07 IST">
  <testcase classname="rahulshettyacademy.tests.dataProvider" name="testCaseData" time="0.01"/>
  <testcase classname="rahulshettyacademy.tests.dataProvider" name="testCaseData" time="0.003"/>
  <testcase classname="rahulshettyacademy.tests.dataProvider" name="testCaseData" time="0.001"/>
</testsuite> <!-- Default test -->
