<?xml version="1.0" encoding="UTF-8"?>
<!-- Generated by org.testng.reporters.JUnitXMLReporter -->
<testsuite ignored="0" hostname="Bloomlync-Qa" failures="0" tests="3" name="Default test" time="21.626" errors="0" timestamp="2024-05-05T00:30:56 IST">
  <testcase classname="rahulshettyacademy.tests.SubmitOrderTest" name="submitOrder" time="5.383"/>
  <testcase classname="rahulshettyacademy.tests.SubmitOrderTest" name="submitOrder" time="4.994"/>
  <testcase classname="rahulshettyacademy.tests.SubmitOrderTest" name="orderHistoryTest" time="0.825"/>
</testsuite> <!-- Default test -->
