<?xml version="1.0" encoding="UTF-8"?>
<testng-results ignored="0" total="3" passed="3" failed="0" skipped="0">
  <reporter-output>
  </reporter-output>
  <suite started-at="2024-05-05T00:30:34 IST" name="Default suite" finished-at="2024-05-05T00:30:56 IST" duration-ms="21626">
    <groups>
      <group name="Purchase">
        <method signature="SubmitOrderTest.submitOrder(java.util.HashMap)[pri:0, instance:rahulshettyacademy.tests.SubmitOrderTest@4d5d943d]" name="submitOrder" class="rahulshettyacademy.tests.SubmitOrderTest"/>
      </group> <!-- Purchase -->
    </groups>
    <test started-at="2024-05-05T00:30:34 IST" name="Default test" finished-at="2024-05-05T00:30:56 IST" duration-ms="21626">
      <class name="rahulshettyacademy.tests.SubmitOrderTest">
        <test-method is-config="true" signature="launchApplication()[pri:0, instance:rahulshettyacademy.tests.SubmitOrderTest@4d5d943d]" started-at="2024-05-05T00:30:35 IST" name="launchApplication" finished-at="2024-05-05T00:30:37 IST" duration-ms="2535" status="PASS">
          <reporter-output>
          </reporter-output>
        </test-method> <!-- launchApplication -->
        <test-method signature="submitOrder(java.util.HashMap)[pri:0, instance:rahulshettyacademy.tests.SubmitOrderTest@4d5d943d]" started-at="2024-05-05T00:30:37 IST" name="submitOrder" data-provider="getData" finished-at="2024-05-05T00:30:42 IST" duration-ms="5383" status="PASS">
          <params>
            <param index="0">
              <value>
                <![CDATA[{password=Johann#12, product=ADIDAS ORIGINAL, email=helendaisy@gmail.com}]]>
              </value>
            </param>
          </params>
          <reporter-output>
          </reporter-output>
        </test-method> <!-- submitOrder -->
        <test-method is-config="true" signature="tearDown()[pri:0, instance:rahulshettyacademy.tests.SubmitOrderTest@4d5d943d]" started-at="2024-05-05T00:30:42 IST" name="tearDown" finished-at="2024-05-05T00:30:43 IST" duration-ms="215" status="PASS">
          <reporter-output>
          </reporter-output>
        </test-method> <!-- tearDown -->
        <test-method is-config="true" signature="launchApplication()[pri:0, instance:rahulshettyacademy.tests.SubmitOrderTest@4d5d943d]" started-at="2024-05-05T00:30:43 IST" name="launchApplication" finished-at="2024-05-05T00:30:47 IST" duration-ms="4290" status="PASS">
          <reporter-output>
          </reporter-output>
        </test-method> <!-- launchApplication -->
        <test-method signature="submitOrder(java.util.HashMap)[pri:0, instance:rahulshettyacademy.tests.SubmitOrderTest@4d5d943d]" started-at="2024-05-05T00:30:47 IST" name="submitOrder" data-provider="getData" finished-at="2024-05-05T00:30:52 IST" duration-ms="4994" status="PASS">
          <params>
            <param index="0">
              <value>
                <![CDATA[{password=Helen#1989, product=ZARA COAT 3, email=helendaisy.john@gmail.com}]]>
              </value>
            </param>
          </params>
          <reporter-output>
          </reporter-output>
        </test-method> <!-- submitOrder -->
        <test-method is-config="true" signature="tearDown()[pri:0, instance:rahulshettyacademy.tests.SubmitOrderTest@4d5d943d]" started-at="2024-05-05T00:30:52 IST" name="tearDown" finished-at="2024-05-05T00:30:52 IST" duration-ms="216" status="PASS">
          <reporter-output>
          </reporter-output>
        </test-method> <!-- tearDown -->
        <test-method is-config="true" signature="launchApplication()[pri:0, instance:rahulshettyacademy.tests.SubmitOrderTest@4d5d943d]" started-at="2024-05-05T00:30:52 IST" name="launchApplication" finished-at="2024-05-05T00:30:55 IST" duration-ms="2701" status="PASS">
          <reporter-output>
          </reporter-output>
        </test-method> <!-- launchApplication -->
        <test-method signature="orderHistoryTest()[pri:0, instance:rahulshettyacademy.tests.SubmitOrderTest@4d5d943d]" started-at="2024-05-05T00:30:55 IST" name="orderHistoryTest" finished-at="2024-05-05T00:30:56 IST" depends-on-methods="rahulshettyacademy.tests.SubmitOrderTest.submitOrder" duration-ms="825" status="PASS">
          <reporter-output>
          </reporter-output>
        </test-method> <!-- orderHistoryTest -->
        <test-method is-config="true" signature="tearDown()[pri:0, instance:rahulshettyacademy.tests.SubmitOrderTest@4d5d943d]" started-at="2024-05-05T00:30:56 IST" name="tearDown" finished-at="2024-05-05T00:30:56 IST" duration-ms="144" status="PASS">
          <reporter-output>
          </reporter-output>
        </test-method> <!-- tearDown -->
      </class> <!-- rahulshettyacademy.tests.SubmitOrderTest -->
    </test> <!-- Default test -->
  </suite> <!-- Default suite -->
</testng-results>
