<?xml version="1.0" encoding="UTF-8"?>
<testng-results ignored="0" total="3" passed="3" failed="0" skipped="0">
  <reporter-output>
  </reporter-output>
  <suite started-at="2024-05-14T22:52:07 IST" name="Default suite" finished-at="2024-05-14T22:52:07 IST" duration-ms="66">
    <groups>
    </groups>
    <test started-at="2024-05-14T22:52:07 IST" name="Default test" finished-at="2024-05-14T22:52:07 IST" duration-ms="66">
      <class name="rahulshettyacademy.tests.dataProvider">
        <test-method signature="testCaseData(java.lang.String,java.lang.String,int)[pri:0, instance:rahulshettyacademy.tests.dataProvider@7b98f307]" started-at="2024-05-14T22:52:07 IST" name="testCaseData" data-provider="driveTest" finished-at="2024-05-14T22:52:07 IST" duration-ms="10" status="PASS">
          <params>
            <param index="0">
              <value>
                <![CDATA[Hello]]>
              </value>
            </param>
            <param index="1">
              <value>
                <![CDATA[Test]]>
              </value>
            </param>
            <param index="2">
              <value>
                <![CDATA[123]]>
              </value>
            </param>
          </params>
          <reporter-output>
          </reporter-output>
        </test-method> <!-- testCaseData -->
        <test-method signature="testCaseData(java.lang.String,java.lang.String,int)[pri:0, instance:rahulshettyacademy.tests.dataProvider@7b98f307]" started-at="2024-05-14T22:52:07 IST" name="testCaseData" data-provider="driveTest" finished-at="2024-05-14T22:52:07 IST" duration-ms="3" status="PASS">
          <params>
            <param index="0">
              <value>
                <![CDATA[Bye]]>
              </value>
            </param>
            <param index="1">
              <value>
                <![CDATA[Message]]>
              </value>
            </param>
            <param index="2">
              <value>
                <![CDATA[12345]]>
              </value>
            </param>
          </params>
          <reporter-output>
          </reporter-output>
        </test-method> <!-- testCaseData -->
        <test-method signature="testCaseData(java.lang.String,java.lang.String,int)[pri:0, instance:rahulshettyacademy.tests.dataProvider@7b98f307]" started-at="2024-05-14T22:52:07 IST" name="testCaseData" data-provider="driveTest" finished-at="2024-05-14T22:52:07 IST" duration-ms="1" status="PASS">
          <params>
            <param index="0">
              <value>
                <![CDATA[Solo]]>
              </value>
            </param>
            <param index="1">
              <value>
                <![CDATA[Call]]>
              </value>
            </param>
            <param index="2">
              <value>
                <![CDATA[789]]>
              </value>
            </param>
          </params>
          <reporter-output>
          </reporter-output>
        </test-method> <!-- testCaseData -->
      </class> <!-- rahulshettyacademy.tests.dataProvider -->
    </test> <!-- Default test -->
  </suite> <!-- Default suite -->
</testng-results>
